This is pdfTeX, Version 3.141592653-2.6-1.40.22 (TeX Live 2021/Arch Linux) (preloaded format=pdflatex 2021.5.25)  31 MAY 2021 15:41
entering extended mode
 \write18 enabled.
 %&-line parsing enabled.
**vector.tex
(./vector.tex
LaTeX2e <2020-10-01> patch level 4
L3 programming layer <2021-02-18>
! Undefined control sequence.
l.4 \psset
          {xunit=.5pt,yunit=.5pt,runit=.5pt}
? 
! Emergency stop.
l.4 \psset
          {xunit=.5pt,yunit=.5pt,runit=.5pt}
End of file on the terminal!

 
Here is how much of TeX's memory you used:
 15 strings out of 478994
 384 string characters out of 5864751
 283044 words of memory out of 5000000
 17602 multiletter control sequences out of 15000+600000
 403430 words of font info for 27 fonts, out of 8000000 for 9000
 1141 hyphenation exceptions out of 8191
 13i,0n,15p,73b,10s stack positions out of 5000i,500n,10000p,200000b,80000s
!  ==> Fatal error occurred, no output PDF file produced!
